2025-06-19 20:32:21,633 - INFO - Dropping existing tables from Staging and DW databases...
2025-06-19 20:32:21,791 - INFO - Dropped raw_salesorderdetail from adventureworks_staging.
2025-06-19 20:32:21,795 - INFO - Dropped raw_salesorderheader from adventureworks_staging.
2025-06-19 20:32:21,799 - INFO - Dropped raw_product from adventureworks_staging.
2025-06-19 20:32:21,803 - INFO - Dropped raw_customer from adventureworks_staging.
2025-06-19 20:32:21,808 - INFO - Dropped raw_person from adventureworks_staging.
2025-06-19 20:32:21,811 - INFO - Dropped raw_productcategory from adventureworks_staging.
2025-06-19 20:32:21,814 - INFO - Dropped raw_productsubcategory from adventureworks_staging.
2025-06-19 20:32:21,821 - INFO - Dropped raw_store from adventureworks_staging.
2025-06-19 20:32:21,825 - INFO - Dropped raw_vendor from adventureworks_staging.
2025-06-19 20:32:21,828 - INFO - Dropped raw_productvendor from adventureworks_staging.
2025-06-19 20:32:21,831 - INFO - Dropped raw_employeedepartmenthistory from adventureworks_staging.
2025-06-19 20:32:21,834 - INFO - Dropped raw_department from adventureworks_staging.
2025-06-19 20:32:21,837 - INFO - Dropped raw_employee from adventureworks_staging.
2025-06-19 20:32:21,840 - INFO - Dropped stg_address from adventureworks_staging.
2025-06-19 20:32:21,842 - INFO - Dropped stg_businessentityaddress from adventureworks_staging.
2025-06-19 20:32:21,845 - INFO - Dropped stg_countryregion from adventureworks_staging.
2025-06-19 20:32:21,846 - INFO - Dropped stg_customer from adventureworks_staging.
2025-06-19 20:32:21,847 - INFO - Dropped stg_department from adventureworks_staging.
2025-06-19 20:32:21,849 - INFO - Dropped stg_emailaddress from adventureworks_staging.
2025-06-19 20:32:21,853 - INFO - Dropped stg_employee from adventureworks_staging.
2025-06-19 20:32:21,855 - INFO - Dropped stg_employeedepartmenthistory from adventureworks_staging.
2025-06-19 20:32:21,857 - INFO - Dropped stg_person from adventureworks_staging.
2025-06-19 20:32:21,859 - INFO - Dropped stg_personphone from adventureworks_staging.
2025-06-19 20:32:21,861 - INFO - Dropped stg_product from adventureworks_staging.
2025-06-19 20:32:21,864 - INFO - Dropped stg_productcategory from adventureworks_staging.
2025-06-19 20:32:21,866 - INFO - Dropped stg_productsubcategory from adventureworks_staging.
2025-06-19 20:32:21,867 - INFO - Dropped stg_productvendor from adventureworks_staging.
2025-06-19 20:32:21,869 - INFO - Dropped stg_salesorderdetail from adventureworks_staging.
2025-06-19 20:32:21,873 - INFO - Dropped stg_salesorderheader from adventureworks_staging.
2025-06-19 20:32:21,874 - INFO - Dropped stg_stateprovince from adventureworks_staging.
2025-06-19 20:32:21,876 - INFO - Dropped stg_store from adventureworks_staging.
2025-06-19 20:32:21,879 - INFO - Dropped stg_vendor from adventureworks_staging.
2025-06-19 20:32:22,088 - INFO - Dropped dim_product from adventureworks_dw.
2025-06-19 20:32:22,093 - INFO - Dropped dim_customer from adventureworks_dw.
2025-06-19 20:32:22,097 - INFO - Dropped dim_store from adventureworks_dw.
2025-06-19 20:32:22,100 - INFO - Dropped dim_vendor from adventureworks_dw.
2025-06-19 20:32:22,105 - INFO - Dropped dim_employee from adventureworks_dw.
2025-06-19 20:32:22,110 - INFO - Dropped dim_date from adventureworks_dw.
2025-06-19 20:32:22,125 - INFO - Dropped fact_sales from adventureworks_dw.
2025-06-19 20:32:22,127 - INFO - Dropped dim_warehouse_zone from adventureworks_dw.
2025-06-19 20:32:22,130 - INFO - Dropped dim_sentiment_category from adventureworks_dw.
2025-06-19 20:32:22,131 - INFO - Dropped fact_warehouse_temperature from adventureworks_dw.
2025-06-19 20:32:22,133 - INFO - Dropped fact_social_media_sentiment from adventureworks_dw.
2025-06-19 20:32:22,169 - INFO - All specified tables dropped from staging and DW databases.
2025-06-19 20:32:22,170 - INFO - --- Starting AdventureWorks ETL Process ---
2025-06-19 20:32:22,170 - INFO - Copying raw data from AdventureWorks source to staging database...
2025-06-19 20:32:22,171 - INFO - Copying Sales.SalesOrderDetail to raw_salesorderdetail in adventureworks_staging...
2025-06-19 20:32:41,320 - INFO - raw_salesorderdetail copied.
2025-06-19 20:32:41,321 - INFO - Copying Sales.SalesOrderHeader to raw_salesorderheader in adventureworks_staging...
2025-06-19 20:32:51,576 - INFO - raw_salesorderheader copied.
2025-06-19 20:32:51,576 - INFO - Copying Production.Product to raw_product in adventureworks_staging...
2025-06-19 20:32:51,762 - INFO - raw_product copied.
2025-06-19 20:32:51,762 - INFO - Copying Sales.Customer to raw_customer in adventureworks_staging...
2025-06-19 20:32:53,610 - INFO - raw_customer copied.
2025-06-19 20:32:53,611 - INFO - Copying Person.Person to raw_person in adventureworks_staging...
2025-06-19 20:32:57,378 - INFO - raw_person copied.
2025-06-19 20:32:57,378 - INFO - Copying Production.ProductCategory to raw_productcategory in adventureworks_staging...
2025-06-19 20:32:57,425 - INFO - raw_productcategory copied.
2025-06-19 20:32:57,425 - INFO - Copying Production.ProductSubcategory to raw_productsubcategory in adventureworks_staging...
2025-06-19 20:32:57,447 - INFO - raw_productsubcategory copied.
2025-06-19 20:32:57,448 - INFO - Copying Sales.Store to raw_store in adventureworks_staging...
2025-06-19 20:32:57,563 - INFO - raw_store copied.
2025-06-19 20:32:57,564 - INFO - Copying Purchasing.Vendor to raw_vendor in adventureworks_staging...
2025-06-19 20:32:57,632 - INFO - raw_vendor copied.
2025-06-19 20:32:57,632 - INFO - Copying Purchasing.ProductVendor to raw_productvendor in adventureworks_staging...
2025-06-19 20:32:57,729 - INFO - raw_productvendor copied.
2025-06-19 20:32:57,729 - INFO - Copying HumanResources.Employee to raw_employee in adventureworks_staging...
2025-06-19 20:32:57,831 - INFO - raw_employee copied.
2025-06-19 20:32:57,832 - INFO - Copying HumanResources.EmployeeDepartmentHistory to raw_employeedepartmenthistory in adventureworks_staging...
2025-06-19 20:32:57,879 - INFO - raw_employeedepartmenthistory copied.
2025-06-19 20:32:57,879 - INFO - Copying HumanResources.Department to raw_department in adventureworks_staging...
2025-06-19 20:32:57,909 - INFO - raw_department copied.
2025-06-19 20:32:57,910 - INFO - Creating AdventureWorks Star Schema tables in DW database...
2025-06-19 20:32:57,910 - INFO - Creating AdventureWorks Star Schema tables in DW database...
2025-06-19 20:32:58,047 - INFO - AdventureWorks Star Schema tables created.
2025-06-19 20:32:58,047 - INFO - Transforming and Loading dimension tables for AdventureWorks...
2025-06-19 20:32:58,102 - INFO - Loaded 504 rows into dim_product in adventureworks_dw.
2025-06-19 20:32:58,909 - INFO - Loaded 19119 rows into dim_customer in adventureworks_dw.
2025-06-19 20:32:58,940 - INFO - Loaded 701 rows into dim_store in adventureworks_dw.
2025-06-19 20:32:58,957 - INFO - Loaded 104 rows into dim_vendor in adventureworks_dw.
2025-06-19 20:32:58,992 - INFO - Loaded 290 rows into dim_employee in adventureworks_dw.
2025-06-19 20:32:58,993 - INFO - Generating and Loading dim_date for AdventureWorks...
2025-06-19 20:32:59,179 - INFO - Loaded 1826 rows into dim_date in adventureworks_dw.
2025-06-19 20:32:59,179 - INFO - Transforming and Loading fact_sales for AdventureWorks...
2025-06-19 20:33:29,467 - INFO - Loaded 130266 rows into fact_sales in adventureworks_dw.
2025-06-19 20:33:29,469 - INFO - --- AdventureWorks ETL Process completed successfully. ---
