2025-06-22 22:56:30,634 - INFO - Dropping existing tables from Staging and DW databases...
2025-06-22 22:56:30,768 - INFO - Dropped raw_salesorderdetail from adventureworks_staging.
2025-06-22 22:56:30,775 - INFO - Dropped raw_salesorderheader from adventureworks_staging.
2025-06-22 22:56:30,775 - INFO - Dropped raw_product from adventureworks_staging.
2025-06-22 22:56:30,780 - INFO - Dropped raw_customer from adventureworks_staging.
2025-06-22 22:56:30,783 - INFO - Dropped raw_person from adventureworks_staging.
2025-06-22 22:56:30,783 - INFO - Dropped raw_productcategory from adventureworks_staging.
2025-06-22 22:56:30,788 - INFO - Dropped raw_productsubcategory from adventureworks_staging.
2025-06-22 22:56:30,791 - INFO - Dropped raw_store from adventureworks_staging.
2025-06-22 22:56:30,792 - INFO - Dropped raw_vendor from adventureworks_staging.
2025-06-22 22:56:30,795 - INFO - Dropped raw_productvendor from adventureworks_staging.
2025-06-22 22:56:30,798 - INFO - Dropped raw_employeedepartmenthistory from adventureworks_staging.
2025-06-22 22:56:30,800 - INFO - Dropped raw_department from adventureworks_staging.
2025-06-22 22:56:30,802 - INFO - Dropped raw_employee from adventureworks_staging.
2025-06-22 22:56:30,804 - INFO - Dropped stg_address from adventureworks_staging.
2025-06-22 22:56:30,806 - INFO - Dropped stg_businessentityaddress from adventureworks_staging.
2025-06-22 22:56:30,808 - INFO - Dropped stg_countryregion from adventureworks_staging.
2025-06-22 22:56:30,810 - INFO - Dropped stg_customer from adventureworks_staging.
2025-06-22 22:56:30,811 - INFO - Dropped stg_department from adventureworks_staging.
2025-06-22 22:56:30,813 - INFO - Dropped stg_emailaddress from adventureworks_staging.
2025-06-22 22:56:30,815 - INFO - Dropped stg_employee from adventureworks_staging.
2025-06-22 22:56:30,815 - INFO - Dropped stg_employeedepartmenthistory from adventureworks_staging.
2025-06-22 22:56:30,817 - INFO - Dropped stg_person from adventureworks_staging.
2025-06-22 22:56:30,819 - INFO - Dropped stg_personphone from adventureworks_staging.
2025-06-22 22:56:30,820 - INFO - Dropped stg_product from adventureworks_staging.
2025-06-22 22:56:30,821 - INFO - Dropped stg_productcategory from adventureworks_staging.
2025-06-22 22:56:30,823 - INFO - Dropped stg_productsubcategory from adventureworks_staging.
2025-06-22 22:56:30,823 - INFO - Dropped stg_productvendor from adventureworks_staging.
2025-06-22 22:56:30,827 - INFO - Dropped stg_salesorderdetail from adventureworks_staging.
2025-06-22 22:56:30,827 - INFO - Dropped stg_salesorderheader from adventureworks_staging.
2025-06-22 22:56:30,830 - INFO - Dropped stg_stateprovince from adventureworks_staging.
2025-06-22 22:56:30,830 - INFO - Dropped stg_store from adventureworks_staging.
2025-06-22 22:56:30,833 - INFO - Dropped stg_vendor from adventureworks_staging.
2025-06-22 22:56:30,937 - INFO - Dropped dim_product from adventureworks_dw.
2025-06-22 22:56:30,944 - INFO - Dropped dim_customer from adventureworks_dw.
2025-06-22 22:56:30,946 - INFO - Dropped dim_store from adventureworks_dw.
2025-06-22 22:56:30,951 - INFO - Dropped dim_vendor from adventureworks_dw.
2025-06-22 22:56:30,954 - INFO - Dropped dim_employee from adventureworks_dw.
2025-06-22 22:56:30,958 - INFO - Dropped dim_date from adventureworks_dw.
2025-06-22 22:56:30,963 - INFO - Dropped fact_sales from adventureworks_dw.
2025-06-22 22:56:30,964 - INFO - Dropped dim_warehouse_zone from adventureworks_dw.
2025-06-22 22:56:30,964 - INFO - Dropped dim_sentiment_category from adventureworks_dw.
2025-06-22 22:56:30,967 - INFO - Dropped fact_warehouse_temperature from adventureworks_dw.
2025-06-22 22:56:30,967 - INFO - Dropped fact_social_media_sentiment from adventureworks_dw.
2025-06-22 22:56:30,983 - INFO - All specified tables dropped from staging and DW databases.
2025-06-22 22:56:30,987 - INFO - --- Starting AdventureWorks ETL Process ---
2025-06-22 22:56:30,987 - INFO - Copying raw data from AdventureWorks source to staging database...
2025-06-22 22:56:30,987 - INFO - Copying Sales.SalesOrderDetail to raw_salesorderdetail in adventureworks_staging...
2025-06-22 22:56:45,648 - INFO - raw_salesorderdetail copied.
2025-06-22 22:56:45,648 - INFO - Copying Sales.SalesOrderHeader to raw_salesorderheader in adventureworks_staging...
2025-06-22 22:56:54,267 - INFO - raw_salesorderheader copied.
2025-06-22 22:56:54,272 - INFO - Copying Production.Product to raw_product in adventureworks_staging...
2025-06-22 22:56:54,566 - INFO - raw_product copied.
2025-06-22 22:56:54,569 - INFO - Copying Sales.Customer to raw_customer in adventureworks_staging...
2025-06-22 22:56:56,744 - INFO - raw_customer copied.
2025-06-22 22:56:56,750 - INFO - Copying Person.Person to raw_person in adventureworks_staging...
2025-06-22 22:57:00,835 - INFO - raw_person copied.
2025-06-22 22:57:00,835 - INFO - Copying Production.ProductCategory to raw_productcategory in adventureworks_staging...
2025-06-22 22:57:00,881 - INFO - raw_productcategory copied.
2025-06-22 22:57:00,881 - INFO - Copying Production.ProductSubcategory to raw_productsubcategory in adventureworks_staging...
2025-06-22 22:57:00,910 - INFO - raw_productsubcategory copied.
2025-06-22 22:57:00,910 - INFO - Copying Sales.Store to raw_store in adventureworks_staging...
2025-06-22 22:57:01,032 - INFO - raw_store copied.
2025-06-22 22:57:01,032 - INFO - Copying Purchasing.Vendor to raw_vendor in adventureworks_staging...
2025-06-22 22:57:01,076 - INFO - raw_vendor copied.
2025-06-22 22:57:01,078 - INFO - Copying Purchasing.ProductVendor to raw_productvendor in adventureworks_staging...
2025-06-22 22:57:01,187 - INFO - raw_productvendor copied.
2025-06-22 22:57:01,189 - INFO - Copying HumanResources.Employee to raw_employee in adventureworks_staging...
2025-06-22 22:57:01,283 - INFO - raw_employee copied.
2025-06-22 22:57:01,283 - INFO - Copying HumanResources.EmployeeDepartmentHistory to raw_employeedepartmenthistory in adventureworks_staging...
2025-06-22 22:57:01,328 - INFO - raw_employeedepartmenthistory copied.
2025-06-22 22:57:01,330 - INFO - Copying HumanResources.Department to raw_department in adventureworks_staging...
2025-06-22 22:57:01,351 - INFO - raw_department copied.
2025-06-22 22:57:01,358 - INFO - Creating AdventureWorks Star Schema tables in DW database...
2025-06-22 22:57:01,358 - INFO - Creating AdventureWorks Star Schema tables in DW database...
2025-06-22 22:57:01,475 - INFO - AdventureWorks Star Schema tables created.
2025-06-22 22:57:01,476 - INFO - Transforming and Loading dimension tables for AdventureWorks...
2025-06-22 22:57:01,514 - INFO - Loaded 504 rows into dim_product in adventureworks_dw.
2025-06-22 22:57:02,186 - INFO - Loaded 19119 rows into dim_customer in adventureworks_dw.
2025-06-22 22:57:02,217 - INFO - Loaded 701 rows into dim_store in adventureworks_dw.
2025-06-22 22:57:02,233 - INFO - Loaded 104 rows into dim_vendor in adventureworks_dw.
2025-06-22 22:57:02,266 - INFO - Loaded 290 rows into dim_employee in adventureworks_dw.
2025-06-22 22:57:02,266 - INFO - Generating and Loading dim_date for AdventureWorks...
2025-06-22 22:57:02,412 - INFO - Loaded 1826 rows into dim_date in adventureworks_dw.
2025-06-22 22:57:02,412 - INFO - Transforming and Loading fact_sales for AdventureWorks...
2025-06-22 22:57:24,444 - INFO - Loaded 130266 rows into fact_sales in adventureworks_dw.
2025-06-22 22:57:24,444 - INFO - --- AdventureWorks ETL Process completed successfully. ---
